<?xml version="1.0" encoding="UTF-8"?>
<Site BuildName="Darwin-c++"
	BuildStamp="20251109-2348-Experimental"
	Name="Cassians-Laptop.local"
	Generator="ctest-4.1.2"
	CompilerName="/usr/bin/c++"
	CompilerVersion="15.0.0.15000309"
	OSName="macOS"
	Hostname="Cassians-Laptop.local"
	OSRelease="26.0.1"
	OSVersion="25A362"
	OSPlatform="arm64"
	Is64Bits="1"
	VendorString="Apple"
	VendorID="Apple"
	FamilyID="0"
	ModelID="0"
	ModelName="Apple M1"
	ProcessorCacheSize="131072"
	NumberOfLogicalCPU="8"
	NumberOfPhysicalCPU="8"
	TotalVirtualMemory="10240"
	TotalPhysicalMemory="8192"
	LogicalProcessorsPerPhysical="8"
	ProcessorClockFrequency="0"
	>
	<Testing>
		<StartDateTime>Nov 09 17:09 PST</StartDateTime>
		<StartTestTime>1762736989</StartTestTime>
		<TestList/>
		<EndDateTime>Nov 09 17:09 PST</EndDateTime>
		<EndTestTime>1762736989</EndTestTime>
		<ElapsedMinutes>0</ElapsedMinutes>
	</Testing>
</Site>
