<?xml version="1.0" encoding="UTF-8"?>
<Site BuildName="Darwin-clang++"
	BuildStamp="20251030-2042-Experimental"
	Name="eduroam-169-233-253-210.ucsc.edu"
	Generator="ctest-4.1.2"
	CompilerName="/usr/bin/clang++"
	CompilerVersion="15.0.0.15000309"
	OSName="macOS"
	Hostname="eduroam-169-233-253-210.ucsc.edu"
	OSRelease="26.0.1"
	OSVersion="25A362"
	OSPlatform="arm64"
	Is64Bits="1"
	VendorString="Apple"
	VendorID="Apple"
	FamilyID="0"
	ModelID="0"
	ModelName="Apple M1"
	ProcessorCacheSize="131072"
	NumberOfLogicalCPU="8"
	NumberOfPhysicalCPU="8"
	TotalVirtualMemory="9216"
	TotalPhysicalMemory="8192"
	LogicalProcessorsPerPhysical="8"
	ProcessorClockFrequency="0"
	>
	<Testing>
		<StartDateTime>Oct 30 13:42 PDT</StartDateTime>
		<StartTestTime>1761856969</StartTestTime>
		<TestList/>
		<EndDateTime>Oct 30 13:42 PDT</EndDateTime>
		<EndTestTime>1761856969</EndTestTime>
		<ElapsedMinutes>0</ElapsedMinutes>
	</Testing>
</Site>
